<?xml version="1.0" encoding="UTF-8"?>
<testsuite name="VowelReplaceTest" tests="1" skipped="0" failures="0" errors="0" timestamp="2016-02-12T16:45:14" hostname="Dingus" time="0.003">
  <properties/>
  <testcase name="replaceTheVowel_stringInputByUser_vowelsReplacedWithDashes" classname="VowelReplaceTest" time="0.003"/>
  <system-out><![CDATA[]]></system-out>
  <system-err><![CDATA[]]></system-err>
</testsuite>
